<?xml version="1.0" encoding="UTF-8"?>
<!-- Generated by org.testng.reporters.JUnitReportReporter -->
<testsuite hostname="DESKTOP-C94VEQ1" failures="0" tests="1" name="testCases.A" time="0.008" errors="0" timestamp="2023-09-28T20:23:42 IST" skipped="0">
  <testcase classname="testCases.A" name="m1" time="0.008"/>
</testsuite> <!-- testCases.A -->
