<?xml version="1.0" encoding="UTF-8"?>
<!-- Generated by org.testng.reporters.JUnitReportReporter -->
<testsuite hostname="DESKTOP-C94VEQ1" failures="0" tests="1" name="testCases.LoginPage" time="17.580" errors="0" timestamp="2023-10-07T16:42:35 IST" skipped="0">
  <testcase classname="testCases.LoginPage" name="verifyLogin" time="17.580"/>
</testsuite> <!-- testCases.LoginPage -->
