<?xml version="1.0" encoding="UTF-8"?>
<!-- Generated by org.testng.reporters.JUnitReportReporter -->
<testsuite hostname="DESKTOP-C94VEQ1" failures="0" tests="1" name="testCases.VerifyLogin" time="21.559" errors="0" timestamp="2023-10-08T23:42:04 IST" skipped="0">
  <testcase classname="testCases.VerifyLogin" name="log" time="21.559"/>
</testsuite> <!-- testCases.VerifyLogin -->
