<?xml version="1.0" encoding="UTF-8"?>
<!-- Generated by org.testng.reporters.JUnitReportReporter -->
<testsuite hostname="DESKTOP-C94VEQ1" failures="0" tests="1" name="testCases.B" time="18.854" errors="0" timestamp="2023-09-28T20:30:52 IST" skipped="0">
  <testcase classname="testCases.B" name="M2" time="18.854"/>
</testsuite> <!-- testCases.B -->
