<?xml version="1.0" encoding="UTF-8"?>
<!-- Generated by org.testng.reporters.JUnitReportReporter -->
<testsuite hostname="DESKTOP-C94VEQ1" failures="0" tests="1" name="testCases.CaptureScreenShot" time="14.729" errors="0" timestamp="2023-10-07T15:57:37 IST" skipped="0">
  <testcase classname="testCases.CaptureScreenShot" name="fullscreenshot" time="14.729"/>
</testsuite> <!-- testCases.CaptureScreenShot -->
