<?xml version="1.0" encoding="UTF-8"?>
<!-- Generated by org.testng.reporters.JUnitReportReporter -->
<testsuite hostname="DESKTOP-C94VEQ1" failures="0" tests="1" name="testCases.VerifySignUp" time="12.331" errors="0" timestamp="2023-10-10T16:45:55 IST" skipped="0">
  <testcase classname="testCases.VerifySignUp" name="VerifySignUp" time="12.331"/>
</testsuite> <!-- testCases.VerifySignUp -->
