<?xml version="1.0" encoding="UTF-8"?>
<!-- Generated by org.testng.reporters.JUnitReportReporter -->
<testsuite hostname="DESKTOP-C94VEQ1" failures="0" tests="1" name="testCases.LoginPage1" time="37.748" errors="0" timestamp="2023-10-08T23:08:53 IST" skipped="0">
  <testcase classname="testCases.LoginPage1" name="verifyln" time="37.748"/>
</testsuite> <!-- testCases.LoginPage1 -->
